=== General eval: best_18j_routing ===
Validated 500 held-out general questions
[001/500] general-eval-ai-001: A transformer is a neural network architecture that is part of how language models read prompts and 
[002/500] general-eval-ai-002: A B-tree index is a small group of values one column or more than one column a table.
[003/500] general-eval-ai-003: A transformer is a neural network architecture that is part of how language models read prompts and 
[004/500] general-eval-ai-004: A transformer is a neural architecture that is part of how language models read prompts and produce 
[005/500] general-eval-ai-005: Unsupervised learning trains a model on data to choose a model to estimate or act in a target labele
[006/500] general-eval-ai-006: A transformer is a neural network architecture that uses attention to process token sequences in par
[007/500] general-eval-ai-007: Machine learning is a model on data instead of using supervised learning.
[008/500] general-eval-ai-008: A token is one text or the same context window is the maximum text that a model can use for one exam
[009/500] general-eval-ai-009: A transformer is a neural architecture that is attention and feed-forward layers joined by residual 
[010/500] general-eval-ai-010: Migration is the set of token sequences that token IDs and token IDs.
[011/500] general-eval-ai-011: An API is a group of examples used to perform tasks like text, images, or inference data.
[012/500] general-eval-ai-012: A database index is a named field that prevents a model's ability to perform a model.
[013/500] general-eval-ai-013: Fine-tuning combines a model calendency with one sequence of actions before a context.
[014/500] general-eval-ai-014: A database query is a rule for values or values.
[015/500] general-eval-ai-015: Unsupervised learning is learning from inputs paired with target answers.
[016/500] general-eval-ai-016: Tokenization is the process of using a process of using a process of using a sequence of using a seq
[017/500] general-eval-ai-017: Gradient descent is a method that updates a model to guide a neural model.
[018/500] general-eval-ai-018: Multi-calls the target answer in the same sequence.
[019/500] general-eval-ai-019: Nositional embedding is a vector that represent a token representation.
[020/500] general-eval-ai-020: Fine-tuning is the maximum number of examples used to compare a language model to estimate between t
[021/500] general-eval-ai-021: A transformer is a neural network architecture that is part of how language models read prompts and 
[022/500] general-eval-ai-022: A database index is an organized set of column set of column set of column set of a query.
[023/500] general-eval-ai-023: A transformer is a neural network architecture that processes sequences with attention and feed-forw
[024/500] general-eval-ai-024: A neural network is a neural network architecture that is connected layers that is connected layers 
[025/500] general-eval-ai-025: A neural network is a neural network architecture that is useful for building models that work beyon
[026/500] general-eval-ai-026: Self-attenti on combines attention with attention and feed-forward layers represent attention and fe
[027/500] general-eval-ai-027: Unsupervised learning trains a model on data so they can make predictions or decisions on new inputs
[028/500] general-eval-ai-028: Positional embedding is a vector that represent a token representation.
[029/500] general-eval-ai-029: A transformer is a neural network architecture that processes sequences with attention and feed-forw
[030/500] general-eval-ai-030: Unsupervised learning trains a model on new inputs paired with target answers.
[031/500] general-eval-ai-031: Gradient descent is a method that prevents a model parameters from a neural model.
[032/500] general-eval-ai-032: Positional embedding is a learned vector that represent a token representation.
[033/500] general-eval-ai-033: A neural network is a method that uses attention to change and produce answers.
[034/500] general-eval-ai-034: A transformer is a neural network architecture that processes sequences with attention and feed-forw
[035/500] general-eval-ai-035: A full table scan be used for a query.
[036/500] general-eval-ai-036: A database table is a named field that defines a table.
[037/500] general-eval-ai-037: A primary key key is a column set of column set that uniquely identifies each row in a table.
[038/500] general-eval-ai-038: Pretraining is the next token from previous tokens.
[039/500] general-eval-ai-039: A transformer is the set of tokens a tokenizer can produce.
[040/500] general-eval-ai-040: General embedding is an object that a model prediction error.
[041/500] general-eval-ai-041: Gradient descent is an object that prevents a method that is useful for building models that work be
[042/500] general-eval-ai-042: A transformer is a neural network architecture that is attention and feed-forward layers that change
[043/500] general-eval-ai-043: A neural network is a method of layers that uses attention to process token sequences in parallel.
[044/500] general-eval-ai-044: A database is a collection of columns for storing, and other inputs.
[045/500] general-eval-ai-045: Tokenization is the process of using a sequence of actions that a model can make a prediction.
[046/500] general-eval-ai-046: Unsupervised learning trains or inforcement learning from inputs paired with target answers.
[047/500] general-eval-ai-047: A transformer is a neural network architecture that is part of how language models read prompts and 
[048/500] general-eval-ai-048: Positional embedding is one of a vector that unsupervised learning.
[049/500] general-eval-ai-049: Pretraining is the next token that are too limited to the model to follow a model.
[050/500] general-eval-ai-050: Gradient descent is an input inputs that has a model on a model's ability to perform a model.
[051/500] general-eval-ai-051: A database index is a named field that combines rows from related to a table.
[052/500] general-eval-ai-052: Unsupervised learning trains a model on unsupervised learning.
[053/500] general-eval-ai-053: A database index is a rule that prevents a query.
[054/500] general-eval-ai-054: A transformer is a transformer that token IDs and token IDs into token IDs that tells generation to 
[055/500] general-eval-ai-055: Tokenization is the process of using a process of using a process of using a process of using a sequ
[056/500] general-eval-ai-056: An example is the process of using a vector or incorrectly identifier or incorrectly identifies that
[057/500] general-eval-ai-057: Gradient descent is a method that combines data so unsupervised learning.
[058/500] general-eval-ai-058: Underfitting is a model on unsupervised learning.
[059/500] general-eval-ai-059: A transformer is a neural network architecture that processes sequences with attention and feed-forw
[060/500] general-eval-ai-060: A database is a collection of column set of column set that uniquely identifies each row in a table.
[061/500] general-eval-ai-061: Positional embedding is a vector that represent a token representations into a token representation.
[062/500] general-eval-ai-062: A neural network is a set of inputs that work beyond one example.
[063/500] general-eval-ai-063: Generator is an object that yields values one at a time.
[064/500] general-eval-ai-064: Tokenization is the process of converting a sequence of token IDs that a model can encode.
[065/500] general-eval-ai-065: Nositional embedding is a vector that expands a token representation.
[066/500] general-eval-ai-066: A transformer is a neural network architecture that is attention and feed-forward layers that is par
[067/500] general-eval-ai-067: Nositional sequence combines information from a language model to prediction.
[068/500] general-eval-ai-068: A neural network is a neural network architecture that connected layers of learned inputs into input
[069/500] general-eval-ai-069: A transformer is a neural network architecture that is attention and feed-forward layers joined by r
[070/500] general-eval-ai-070: A database is a named field that data useful, reliable, or fast to access.
[071/500] general-eval-ai-071: A transformer is a neural network architecture that is part of how language models read prompts and 
[072/500] general-eval-ai-072: Pretraining is the model on broad text into a trained model to guide a trained model to produce an i
[073/500] general-eval-ai-073: Underfitting is a model to guide a target labels.
[074/500] general-eval-ai-074: A neural network is a neural network architecture that is connected layers that is useful for buildi
[075/500] general-eval-ai-075: A transformer is a neural network architecture that is part of how language models read prompts and 
[076/500] general-eval-ai-076: A transformer is a neural network architecture that uses attention to process token sequences in par
[077/500] general-eval-ai-077: Generalization is an input layers that combines data with attention with attention and feed-forward 
[078/500] general-eval-ai-078: Gradient descent is an object that sounds confident but is not used to choose a branch of a model's 
[079/500] general-eval-ai-079: Generally the context management, and information from a language model to process a language model 
[080/500] general-eval-ai-080: Positional language models read prompts and produce answers.
[081/500] general-eval-ai-081: Machine learning is a model on data instead of using a trained to process and make predictions or de
[082/500] general-eval-ai-082: A database is a named field that prevents data into token representations into a model's environment
[083/500] general-eval-ai-083: A database query plan is the structure of a database to read and retrieve data.
[084/500] general-eval-ai-084: A neural network is a neural network architecture that connected layers of connected layers that is 
[085/500] general-eval-ai-085: Machine learning is a model on data so they can make decisions on new inputs or inference for a mode
[086/500] general-eval-ai-086: Artificial intelligence is the field of making computers understand tasks requiring reasoning, and r
[087/500] general-eval-ai-087: A transformer is the set of tokens a token IDs and token IDs.
[088/500] general-eval-ai-088: Evaluation is testing whether a model gives useful and reliable answers.
[089/500] general-eval-ai-089: Tokenization is the process of using text and text to the correct text while a model can encode.
[090/500] general-eval-ai-090: A transformer is a neural network architecture that uses attention and feed-forward layers to proces
[091/500] general-eval-ai-091: A transformer is a neural network architecture that processes sequences with attention and feed-forw
[092/500] general-eval-ai-092: Denorator is the same number that expect a model can read prompts and token IDs.
[093/500] general-eval-ai-093: A transformer is a neural network that processes sequences with attention and feed-forward layers.
[094/500] general-eval-ai-094: A transformer is a neural network architecture that is part of how language models read prompts and 
[095/500] general-eval-ai-095: A neural network is a neural network architecture that connected layers that is useful for building 
[096/500] general-eval-ai-096: A database is a group of values one to another table.
[097/500] general-eval-ai-097: Tokenization is the process of converting text into a sequence of token sampling a sequence of token
[098/500] general-eval-ai-098: Regression is a numeric value.
[099/500] general-eval-ai-099: A transformer is a neural network architecture that is part of how language models read prompts and 
[100/500] general-eval-ai-100: A token is a token or string that tells data useful, or relevance.
[101/500] general-eval-databases-001: A database is a named field that speeds each row defines one named field inside a table.
[102/500] general-eval-databases-002: Inference is a trained model to change a trained model to produce an input output.
[103/500] general-eval-databases-003: A transformer is a neural architecture that is part of how language models read prompts and produce 
[104/500] general-eval-databases-004: A transformer is a neural network architecture that is attention and feed-forward layers joined by r
[105/500] general-eval-databases-005: A transformer is a neural network architecture that is part of how language models read prompts and 
[106/500] general-eval-databases-006: A transformer is a neural network architecture that uses attention to process token sequences in par
[107/500] general-eval-databases-007: A transformer is a neural network architecture that processes sequences with attention and feed-forw
[108/500] general-eval-databases-008: A database is a group of values one task for a table.
[109/500] general-eval-databases-009: Fine-tuning is important model combine a language model can encode.
[110/500] general-eval-databases-010: A transformer is a neural network architecture that is connected to process sequences with attention
[111/500] general-eval-databases-011: A database column set is one named field that uniquely identifies each row in a table.
[112/500] general-eval-databases-012: A database is a column or column set that uniquely identifies each row in a table.
[113/500] general-eval-databases-013: A transformer is a neural network architecture that is part of how language models read prompts and 
[114/500] general-eval-databases-014: A database is a named field that prevents data useful, reliable, or fast to access.
[115/500] general-eval-databases-015: A database index is a lookup structure that speeds reads but can make writes slightly slower.
[116/500] general-eval-databases-016: A transformer is a neural network architecture that is part of how language models read prompts and 
[117/500] general-eval-databases-017: A database index is a named field that prevents a model's ability to perform a model's ability to pe
[118/500] general-eval-databases-018: A database transaction is a group of operations as one of a reaction of the same number of values th
[119/500] general-eval-databases-019: A transformer is a neural network architecture that is connected layers that is useful for building 
[120/500] general-eval-databases-020: A database query is a named field that prevents data into tables, or table.
[121/500] general-eval-databases-021: The primary key is a column set that uniquely identifies each row in a table.
[122/500] general-eval-databases-022: A neural network is a neural network architecture that connected layers that is connected by a set o
[123/500] general-eval-databases-023: A database query is a database of database columns, relationships, relationships, and other objects.
[124/500] general-eval-databases-024: A database index is a rule that prevents a language model to follow a language model to follow its i
[125/500] general-eval-databases-025: A transformer is a neural network that processes sequences with attention and feed-forward layers.
[126/500] general-eval-databases-026: A SQL query to read data in a relational database to read or stored data.
[127/500] general-eval-databases-027: A database index is a named field that combines rows with table.
[128/500] general-eval-databases-028: A database index is a named field that prevents data to another database and retrieve data.
[129/500] general-eval-databases-029: A database index is a named field that combines rows from inputs and tables.
[130/500] general-eval-databases-030: A context window is the maximum number of examples used to guide a model.
[131/500] general-eval-databases-031: A SQL query is the SQL query to read or used to read data.
[132/500] general-eval-databases-032: A database index is a column set of column set that combines a table.
[133/500] general-eval-databases-033: Denormalization is adding controlled duplicates or combines data to make reads faster.
[134/500] general-eval-databases-034: Denormalization organizing data to reduce duplicates or combines rows to make reads faster.
[135/500] general-eval-databases-035: A database is a named field that stores records as one or table.
[136/500] general-eval-databases-036: A database query is a database of database that stores records as one named database that stores rec
[137/500] general-eval-databases-037: A database index is a lookup structure that speeds reads but can make writes slightly slower.
[138/500] general-eval-databases-038: A transformer is a neural architecture that is part of how language models read prompts and produce 
[139/500] general-eval-databases-039: A transformer is a neural network architecture that is part of how language models read prompts and 
[140/500] general-eval-databases-040: Denormalization is adding controlled duplicates or fast to make reads faster.
[141/500] general-eval-databases-041: A transformer is a neural network architecture that is attention where attention and feed-forward la
[142/500] general-eval-databases-042: A SQL query is a relational database that connected to a relational database to read or stored data.
[143/500] general-eval-databases-043: An API is a defined way for one program to another program.
[144/500] general-eval-databases-044: A database is a named field that stores data into tables, or manipulate data.
[145/500] general-eval-databases-045: B-tree index is a common sorting method used for a training data.
[146/500] general-eval-databases-046: A SQL is a language used to read data.
[147/500] general-eval-databases-047: NER is the SQL query to read or used to read data.
[148/500] general-eval-databases-048: Denormalization is organizing data to reduce duplication.
[149/500] general-eval-databases-049: A transformer is a neural network architecture that is part of how language models read prompts and 
[150/500] general-eval-databases-050: A database table is a named field that prevents a model's values in a table.
[151/500] general-eval-databases-051: ACID is a rule for reliable transactions.
[152/500] general-eval-databases-052: A SQL query is a field that sounds a trained model to change a trained model to produce an input out
[153/500] general-eval-databases-053: A database index is a lookup structure that speeds reads but can make writes slightly slower.
[154/500] general-eval-databases-054: Denormalization is adding controlled duplicates or fast to make reads faster.
[155/500] general-eval-databases-055: A database set is a set of columns for one kind of data.
[156/500] general-eval-databases-056: A column set is the column set of rows that a set of rows each row a table.
[157/500] general-eval-databases-057: A neural network is a model made of connected layers that is connected to a model.
[158/500] general-eval-databases-058: A database index is an organized set of columns for storing, and other data.
[159/500] general-eval-databases-059: A transformer is a neural network architecture that is part of how language models read prompts and 
[160/500] general-eval-databases-060: A database index is a named field that combines rows from related tables.
[161/500] general-eval-databases-061: ACID is a rule for the SQL query to retrieve data to retrieve data to retrieve data.
[162/500] general-eval-databases-062: A SQL query is a query that combines data in relational database.
[163/500] general-eval-databases-063: A token is one named field that prevents a token ID.
[164/500] general-eval-databases-064: A query is the set of rows that a query to read data.
[165/500] general-eval-databases-065: A database index is a column set of column set of column set of column a table.
[166/500] general-eval-databases-066: Fine-tuning occurs when a model prediction is training a model on broad text into a prompt and assis
[167/500] general-eval-databases-067: A queries representation into the process of using logical and query.
[168/500] general-eval-databases-068: A SQL query is a query that combines rows from a query to read or table.
[169/500] general-eval-databases-069: A transformer is a neural network architecture that is part of how language models read prompts and 
[170/500] general-eval-databases-070: A database index is a column set of column or column set of rows that uniquely identifies each row i
[171/500] general-eval-databases-071: A database index is a named field that combines rows from a table.
[172/500] general-eval-databases-072: A SQL query is a database that combines data in relational databases.
[173/500] general-eval-databases-073: A SQL query to read or the SQL query to read in a query to read or run a query.
[174/500] general-eval-databases-074: An example of a column is the same number of column set of column a table.
[175/500] general-eval-databases-075: Gradient descent is a method that updates a model's ability to perform a method that can be used to 
[176/500] general-eval-databases-076: A database index is an organized place for storing, and retrieve data.
[177/500] general-eval-databases-077: A database index is a named field that stores rows each row in a table.
[178/500] general-eval-databases-078: A database query is a column set that combines rows from a table.
[179/500] general-eval-databases-079: Denormalization is organizing data to reduce duplicates or combines data to make reads faster.
[180/500] general-eval-databases-080: A database index is an organized structure that helps keep data useful, reliable, or fast to access.
[181/500] general-eval-databases-081: A database index is a named field that data is a named field of column or column set of column set t
[182/500] general-eval-databases-082: A database index is a column set of column set that uniquely identifies each row in a table.
[183/500] general-eval-databases-083: An API is a defined way for building models that work beyond one example.
[184/500] general-eval-databases-084: A database query is a column set of column set that wraps each row a table.
[185/500] general-eval-databases-085: A database is a group of values or inference for a model.
[186/500] general-eval-databases-086: A database index is an organized system for storing, and retrieve data.
[187/500] general-eval-databases-087: A database index is one set of columns for one example.
[188/500] general-eval-databases-088: A database index is a column set of column set that uniquely identifies each row in a table.
[189/500] general-eval-databases-089: A database transaction is a group of operations defined by the same number of values that a model ca
[190/500] general-eval-databases-090: A SQL is a defined set of column a function that a model can be used to guide a model.
[191/500] general-eval-databases-091: A database index is a named field that combines rows from related to a table.
[192/500] general-eval-databases-092: A database index is an organized database of column values, columns, and other tables.
[193/500] general-eval-databases-093: A transformer is a neural network architecture that is part of how language models read prompts and 
[194/500] general-eval-databases-094: A database index is an organized system for storing, organizing data and retrieving, and retrieving,
[195/500] general-eval-databases-095: A transformer is a neural architecture that is attention and feed-forward layers joined by residual 
[196/500] general-eval-databases-096: NER is the SQL number that uniquely identifies in a table.
[197/500] general-eval-databases-097: Fine-tuning is training a model on held-out prompts a model can process for a training example.
[198/500] general-eval-databases-098: A database query is a named field that combines rows from related tables.
[199/500] general-eval-databases-099: A database index is a lookup structure that helps keep data useful, reliable, or fast to access.
[200/500] general-eval-databases-100: Denormalization is adding repeated requests a model's intended task.
[201/500] general-eval-programming-001: The design is a vector that sounds confident but is not used for a language model.
[202/500] general-eval-programming-002: A transformer is a neural network architecture that processes sequences with attention and feed-forw
[203/500] general-eval-programming-003: A full table scan reads and set up to the most important task.
[204/500] general-eval-programming-004: Gradient descent is a method that updates a model on inference parameters.
[205/500] general-eval-programming-005: A database is a named field that stores data into rules for reliable data.
[206/500] general-eval-programming-006: A database is a group of values one to another table.
[207/500] general-eval-programming-007: A transformer is a neural network architecture that is part of how language models read prompts and 
[208/500] general-eval-programming-008: Precision is the process of converting a sequence of a sequence of token or inference from a token v
[209/500] general-eval-programming-009: A database index is a named field of lookup structure that speeds reads but can make writes slightly
[210/500] general-eval-programming-010: A SQL query is a relational database that combines rows from related tables.
[211/500] general-eval-programming-011: A database is a group of rules that uniquely identifies each other.
[212/500] general-eval-programming-012: The primary key is a column set that uniquely identifies each row in a table.
[213/500] general-eval-programming-013: A transformer is a neural network architecture that is attention and feed-forward layers that is par
[214/500] general-eval-programming-014: A database index is a column set of column set of column set of column a column a table.
[215/500] general-eval-programming-015: A database index is a collection of column or column set that helps Python code stay clear and pract
[216/500] general-eval-programming-016: A transformer is a neural network architecture that uses attention to process token sequences in par
[217/500] general-eval-programming-017: Fine-tuning is a sequence of actions before a constraint a reaction of the same value.
[218/500] general-eval-programming-018: The sequence of token is the sequence of token IDs or cases that a language model can make a predict
[219/500] general-eval-programming-019: A context window is the maximum tokens a model can process of token sequences in the same sequence.
[220/500] general-eval-programming-020: A context window is the maximum number of tokens a model can process of token sequences in the same 
[221/500] general-eval-programming-021: A database is a named field that prevents a language model to follow a model's ability to perform a 
[222/500] general-eval-programming-022: A database index is a defined way for one program to another table.
[223/500] general-eval-programming-023: A transformer is a neural network that is part of how language models read prompts and produce answe
[224/500] general-eval-programming-024: Fine-tuning combines tokens a model calibration values.
[225/500] general-eval-programming-025: A database is an organized system that helps Python code stay clear and practical.
[226/500] general-eval-programming-026: Gradient descent is an object that prevents a model's ability to perform a model.
[227/500] general-eval-programming-027: A software engineering?
[228/500] general-eval-programming-028: Positional embedding is a vector that expands a token representation.
[229/500] general-eval-programming-029: A database index is a named field that prevents a model's ability to reads or inference for a model.
[230/500] general-eval-programming-030: A transformer is a neural network architecture that processes connected layers from inputs and feed-
[231/500] general-eval-programming-031: Recommendation is the process of using a sequence of actions to reach a query.
[232/500] general-eval-programming-032: Self-attenti on runs each token combine with an objective that combine a language model to the same 
[233/500] general-eval-programming-033: A database query plan is the structure of stored or columns.
[234/500] general-eval-programming-034: A transformer is a neural network architecture that is part of how language models read prompts and 
[235/500] general-eval-programming-035: A database index is a lookups that helps keep data useful, reliable, or fast to access.
[236/500] general-eval-programming-036: Precision is the process of converts a sequence of to another data.
[237/500] general-eval-programming-037: A database index is a column set of column set that prevents a query.
[238/500] general-eval-programming-038: Generalization is an input validation, and test information from a model's ability to perform a mode
[239/500] general-eval-programming-039: Denormalization is the structure of tables, or sensitive data to make predictions that are correct.
[240/500] general-eval-programming-040: A context window is the maximum tokens a model can process of token sequences or inference tokenizer
[241/500] general-eval-programming-041: A database is a named field that prevents data or data.
[242/500] general-eval-programming-042: A database is a named field that defines a table.
[243/500] general-eval-programming-043: Gradient descent is a method that updates a model's ability to perform a model's ability to perform 
[244/500] general-eval-programming-044: A database table is a column set of column set that uniquely identifies each row in a table.
[245/500] general-eval-programming-045: A transformer is a neural network architecture that is part of how language models read prompts and 
[246/500] general-eval-programming-046: A database is a named field that speeds reads into sequences or values.
[247/500] general-eval-programming-047: Positional embedding is a vector that represent a token representation.
[248/500] general-eval-programming-048: Function is an object that sounds confident but is unsurely on a language model to estimate data.
[249/500] general-eval-programming-049: A database query is a database that combines rows from related tables.
[250/500] general-eval-programming-050: Gradient descent is an organized ability to perform tasks that need reasoning, and practical.
[251/500] general-eval-programming-051: Fine-tuning is a sequence of actions before a constraint a rule that prevents a constraint a rule th
[252/500] general-eval-programming-052: Fine-tuning is training a model on held-out prompts and produce answers.
[253/500] general-eval-programming-053: Unsupervised learning is finding structure that guide a model to guide a target labels.
[254/500] general-eval-programming-054: Positional embedding is a vector that represent a token representation.
[255/500] general-eval-programming-055: Positional embedding is a vector that represent a token representation.
[256/500] general-eval-programming-056: The related is a defined way for a language model reads or writes.
[257/500] general-eval-programming-057: Precision is the process of using examples used to compare a prediction.
[258/500] general-eval-programming-058: A context window is the maximum number of tokens a model can process by numeric identifiers.
[259/500] general-eval-programming-059: A database rules is a rule that uniquely identifies each other.
[260/500] general-eval-programming-060: A transformer is a neural network architecture that processes sequences with attention and feed-forw
[261/500] general-eval-programming-061: A database is a named field that unsupervised learning.
[262/500] general-eval-programming-062: The key is the key key instructions that a task a function or column a function or the expected numb
[263/500] general-eval-programming-063: A foreign key is a column or column set that uniquely identifies each row in a table.
[264/500] general-eval-programming-064: Positional embedding is a vector that unsupervised learning.
[265/500] general-eval-programming-065: Tokenization is the process of converting text into a sequence of a sequence of token is a text that
[266/500] general-eval-programming-066: Underfitting occurs when a model is unseen as unseen in a real input.
[267/500] general-eval-programming-067: A database is a named field that prevents a model's ability to perform a model.
[268/500] general-eval-programming-068: A database index is a group of lookups and column to one named data to another table.
[269/500] general-eval-programming-069: Tokenization is the process of converting a sequence of a sequence of actions before a constraint a 
[270/500] general-eval-programming-070: Migration is a controlled change that prevents a model to sensitive output.
[271/500] general-eval-programming-071: A database table is a set of column set of column a set of column set of column a set of column set 
[272/500] general-eval-programming-072: A context window is the maximum number of tokens a model can process of token sequence.
[273/500] general-eval-programming-073: A transformer is a neural network architecture that is part of how language models read prompts and 
[274/500] general-eval-programming-074: A database index is a lookup structure that speeds reads but can make writes slightly slower.
[275/500] general-eval-programming-075: A database index is a named field that prevents a token or value in a table.
[276/500] general-eval-programming-076: A transformer is a neural network architecture that is connected to data into inputs and feed-forwar
[277/500] general-eval-programming-077: A database index is a column set of column or column set that uniquely identifies each row in a tabl
[278/500] general-eval-programming-078: A transformer is a neural network architecture that uses attention to process token sequences in par
[279/500] general-eval-programming-079: Precision is the process of using a trained model to produce an answer.
[280/500] general-eval-programming-080: Tokenization is the process of converts a sequence of token IDs and identifier to a context.
[281/500] general-eval-programming-081: A database table is a named field that defines a table.
[282/500] general-eval-programming-082: A database is a named field of rows and columns for one task.
[283/500] general-eval-programming-083: Pretraining is the structure of tokens a model's context manager.
[284/500] general-eval-programming-084: A database query is a named field that prevents data into training, or data to access.
[285/500] general-eval-programming-085: A database is a named field that uniquely identifies each row in a table.
[286/500] general-eval-programming-086: A database defines data structures that change and rules for a table.
[287/500] general-eval-programming-087: A neural network is a neural network architecture that connected layers sequences with attention and
[288/500] general-eval-programming-088: A transformer is a neural network architecture that processes sequences with attention and feed-forw
[289/500] general-eval-programming-089: Generalization is the process of using a model to perform a trained model to produce an output of a 
[290/500] general-eval-programming-090: A transformer is a neural network architecture that processes sequences with attention and feed-forw
[291/500] general-eval-programming-091: A neural network is a neural network architecture that connected layers of learned vector inputs inp
[292/500] general-eval-programming-092: Pathlib is a group of objective objective objective objective and objective objective objective obje
[293/500] general-eval-programming-093: A database query is a named field that prevents data from a database to read data.
[294/500] general-eval-programming-094: A transformer is a neural network architecture that processes sequences with attention and feed-forw
[295/500] general-eval-programming-095: Underfitting occurs when a model predicts a training examples used to guide a training example.
[296/500] general-eval-programming-096: Function is the process of reaction or incorrectly identifies a reaction that a model can encode.
[297/500] general-eval-programming-097: Classification is a category for an input.
[298/500] general-eval-programming-098: Positional embedding is a vector that unsupervised learning.
[299/500] general-eval-programming-099: Nositional embedding is a vector that represent a token representation.
[300/500] general-eval-programming-100: Knowledge representation is the ability of using software and machines to perform tasks that are abl
[301/500] general-eval-system_design-001: Gradient descent is a method that updates inputs in a model's ability to perform a neural network to
[302/500] general-eval-system_design-002: A transformer is a neural architecture that processes sequences with attention and feed-forward laye
[303/500] general-eval-system_design-003: A transformer is a neural network architecture that is part of how language models read prompts and 
[304/500] general-eval-system_design-004: Gradient descent is a method that updates an input parameters in a model that makes a model's abilit
[305/500] general-eval-system_design-005: A SQL is a language model on prompts and token IDs in transformers?
[306/500] general-eval-system_design-006: A database query plan is the structure of column set of columns.
[307/500] general-eval-system_design-007: A database transaction is a group of values one to another table.
[308/500] general-eval-system_design-008: Underfitting is a model on unsupervised learning.
[309/500] general-eval-system_design-009: A transformer is a neural architecture that is part of how language models read prompts and produce 
[310/500] general-eval-system_design-010: Softmax is a function that turns a strings consistently change and value in a training data.
[311/500] general-eval-system_design-011: A database index is a lookup structure that combines rows but can make writes slightly slower.
[312/500] general-eval-system_design-012: A database index is an organized place for one column or column or a table.
[313/500] general-eval-system_design-013: A database query is a named field that prevents a model to follow a trained model to follow a traine
[314/500] general-eval-system_design-014: A database is a rule that prevents a model's values in a table.
[315/500] general-eval-system_design-015: A database index is a named field of database column column or column set that combines rows each ro
[316/500] general-eval-system_design-016: Gradient descent is a method that updates a model's ability to perform a model to perform a predicti
[317/500] general-eval-system_design-017: The context window is the maximum tokens a model can process of token sequences in the same sequence
[318/500] general-eval-system_design-018: Softmax is a method that expand token predicts a token ID.
[319/500] general-eval-system_design-019: A database query plan is the database of database transaction that a database transaction of values 
[320/500] general-eval-system_design-020: A database table is a named field that uniquely identifies each row in a table.
[321/500] general-eval-system_design-021: Generator is an organized that sounds confident but is not supported by a task or incorrect for a la
[322/500] general-eval-system_design-022: Gradient descent is a method that updates a neural network to process a neural network to process in
[323/500] general-eval-system_design-023: A database is a named field that prevents data into a model's values in a table.
[324/500] general-eval-system_design-024: A database is a named field that prevents a query.
[325/500] general-eval-system_design-025: A database query plan is the database of database columns, relationships, and other data to access.
[326/500] general-eval-system_design-026: A database is a named field that prevents data into a model's values or value.
[327/500] general-eval-system_design-027: A transformer is a neural network architecture that processes useful for building models that work b
[328/500] general-eval-system_design-028: A database index is a named field that combines rows from inputs and values.
[329/500] general-eval-system_design-029: A database is a named field that prevents data or table.
[330/500] general-eval-system_design-030: Migration is the process of converting a sequence of token sequences or inference to the same table.
[331/500] general-eval-system_design-031: A database index is a named field of column or column set that uniquely identifies each row in a tab
[332/500] general-eval-system_design-032: A transformer is a neural network architecture that is attention and feed-forward layers that is par
[333/500] general-eval-system_design-033: A transformer is a neural network architecture that is part of how language models read prompts and 
[334/500] general-eval-system_design-034: Gradient descent is an object that sounds confident but is not supported by a number that a model pa
[335/500] general-eval-system_design-035: A context window is the maximum number of tokens a model can process of token sequences in the same 
[336/500] general-eval-system_design-036: A database is a database of database that stores records as well as other related to another databas
[337/500] general-eval-system_design-037: A transformer is a neural architecture that processes sequences with attention and feed-forward laye
[338/500] general-eval-system_design-038: A transformer is a neural network architecture that is connected layers that is useful for building 
[339/500] general-eval-system_design-039: Positional embedding is a vector that represent a token representation.
[340/500] general-eval-system_design-040: Gradient descent is a method that prevents a token representations into the same sequence that a mod
[341/500] general-eval-system_design-041: A transformer is a neural network that uses attention to process token sequences in parallel.
[342/500] general-eval-system_design-042: A database is a named field that uniquely identifies each row in a table.
[343/500] general-eval-system_design-043: Fine-tuning is a sequence of actions before a constraint a rule that prevents a constraint a rule th
[344/500] general-eval-system_design-044: A transformer is a neural network architecture that processes sequences with attention and feed-forw
[345/500] general-eval-system_design-045: Grounding is the process of converting a sequence used by a sequence of actions that a context.
[346/500] general-eval-system_design-046: A database is a collection of columns that uniquely identifies each other or other or other in a tab
[347/500] general-eval-system_design-047: NER is the SQL query to read or inference used to read data.
[348/500] general-eval-system_design-048: Generalization is an important model combines data with unsupervised learning.
[349/500] general-eval-system_design-049: Tokenization is the process of converts a sequence of token sequence.
[350/500] general-eval-system_design-050: Precision is the process of using a vector that a vector that a vector that a vector that represente
[351/500] general-eval-system_design-051: A SQL is a query that combines rows from related tables.
[352/500] general-eval-system_design-052: Recall is the ability to perform tasks like a model to perform a new input.
[353/500] general-eval-system_design-053: A transformer is a neural network architecture that is attention and feed-forward layers that is par
[354/500] general-eval-system_design-054: A database index is a collection of column or column set that a table.
[355/500] general-eval-system_design-055: A database index is a column or column set that uniquely identifies each row in a table.
[356/500] general-eval-system_design-056: A database is a named field that stores data useful, reliable, or fast to access.
[357/500] general-eval-system_design-057: A transformer is a neural architecture that processes sequences with attention and feed-forward laye
[358/500] general-eval-system_design-058: A database index is a method that sounds prompts and reliable data.
[359/500] general-eval-system_design-059: A database index is an organized value of column value of a table.
[360/500] general-eval-system_design-060: A database query plan is the structure of column set of column a table.
[361/500] general-eval-system_design-061: A database query plan is the structure of column set of column values.
[362/500] general-eval-system_design-062: A database query is a named field that combines rows with rows into a query.
[363/500] general-eval-system_design-063: A database query is a database collection of column collection that stores records as a table.
[364/500] general-eval-system_design-064: Fine-tuning occurs when a model fine-tunes a token IDs and positions.
[365/500] general-eval-system_design-065: A transformer is a neural network architecture that is part of how language models read prompts and 
[366/500] general-eval-system_design-066: The design is a method that sounds confident but is unreliable and reliable to change in a model.
[367/500] general-eval-system_design-067: A database is a field of connected to a table.
[368/500] general-eval-system_design-068: A database is a named field that uniquely identifies each row in a table.
[369/500] general-eval-system_design-069: A transformer is a neural network architecture that is part of how language models read prompts and 
[370/500] general-eval-system_design-070: A database is a collection of rows that prevents a query.
[371/500] general-eval-system_design-071: A database query is a column or column that combines rows from a table.
[372/500] general-eval-system_design-072: A database index is a named field that combines rows from a table.
[373/500] general-eval-system_design-073: A database index is a named collection of column set of column set of column set of rows that unique
[374/500] general-eval-system_design-074: Code review is the model made of a model to prediction.
[375/500] general-eval-system_design-075: A database query is a named database that stores records as one record containing values in a table.
[376/500] general-eval-system_design-076: A transformer is a neural architecture that processes sequences with attention and feed-forward laye
[377/500] general-eval-system_design-077: A database is a named field that prevents a model's values in a table.
[378/500] general-eval-system_design-078: The model predicted a model can then estimate between two category or inference that a predicts a tr
[379/500] general-eval-system_design-079: A database query is a named field that prevents data into explicit instructions for building models 
[380/500] general-eval-system_design-080: ACID is a rule for reliable transactions.
[381/500] general-eval-system_design-081: A database index is an organized system for building models that work beyond one example.
[382/500] general-eval-system_design-082: A database query is a set of columns for one that a table.
[383/500] general-eval-system_design-083: A database query plan is the structure of structured rows that are connected to a query.
[384/500] general-eval-system_design-084: An attention is the maximum value of a value of values that a model can encoding in transformers?
[385/500] general-eval-system_design-085: Underfitting is a model on held-out prompts or inference to produce answers.
[386/500] general-eval-system_design-086: A neural network is a neural network architecture that connected layers of inputs into inputs into i
[387/500] general-eval-system_design-087: A database is a named field that combines rows with tables.
[388/500] general-eval-system_design-088: A database is a column or column set that uniquely identifies each row in a table.
[389/500] general-eval-system_design-089: A database query is a database that stores records as one or other data in a database that unit.
[390/500] general-eval-system_design-090: Softmax is a function that sounds a language model to change its output.
[391/500] general-eval-system_design-091: A database query plan is the structure of a column set of column set of column a table.
[392/500] general-eval-system_design-092: A neural network is a neural network architecture that is connected layers that is useful for buildi
[393/500] general-eval-system_design-093: A database is a named field that unsupervised learning.
[394/500] general-eval-system_design-094: Inference is the process of using a trained model to produce an environment.
[395/500] general-eval-system_design-095: A database is a named field that prevents a token IDs or value.
[396/500] general-eval-system_design-096: A database is a named field that prevents data into training, or act in a field.
[397/500] general-eval-system_design-097: A neural network is a neural network that connected layers of inputs into inputs and inputs into inp
[398/500] general-eval-system_design-098: A database is a column or column set that uniquely identifies each row in a table.
[399/500] general-eval-system_design-099: A transformer is a neural network architecture that is part of how language models read prompts and 
[400/500] general-eval-system_design-100: A database column set is one named field that uniquely identifies each row in a table.
[401/500] general-eval-general_knowledge-001: Underfitting choose actions from a branch of general patterns.
[402/500] general-eval-general_knowledge-002: Underfitting is a model on new inputs or decisions that were actually correctly.
[403/500] general-eval-general_knowledge-003: A transformer is a neural network architecture that processes sequences with attention and feed-forw
[404/500] general-eval-general_knowledge-004: Underfitting predicted by a model on unseen data.
[405/500] general-eval-general_knowledge-005: Loss helps the system answer or act more usefully.
[406/500] general-eval-general_knowledge-006: Nositional embedding is a vector that combines a token representations with the same sequence.
[407/500] general-eval-general_knowledge-007: A neural network is a model made of connected layers that is useful for building models that work be
[408/500] general-eval-general_knowledge-008: Machine learning is a model on data instead of using only fixed rules.
[409/500] general-eval-general_knowledge-009: A database is a named field that prevents a model to follow a trained model to follow a prediction.
[410/500] general-eval-general_knowledge-010: A database query is a named field that prevents data into focused components.
[411/500] general-eval-general_knowledge-011: Recall is the process of using a trained model to make a prediction.
[412/500] general-eval-general_knowledge-012: Generalization is a model on one model's ability to perform a model to perform a prediction.
[413/500] general-eval-general_knowledge-013: The primary key is a rule for a table.
[414/500] general-eval-general_knowledge-014: The main key is the ability to read and information from other languages.
[415/500] general-eval-general_knowledge-015: The maximum tokens a token sequences a token IDs and produce answers.
[416/500] general-eval-general_knowledge-016: A transformer is a neural network architecture that processes useful for building models that work b
[417/500] general-eval-general_knowledge-017: A transformer is a neural network architecture that is part of how language models read prompts and 
[418/500] general-eval-general_knowledge-018: A database test is a defined way for one task or other task.
[419/500] general-eval-general_knowledge-019: Unsupervised learning trains a model on new inputs or inference for a model.
[420/500] general-eval-general_knowledge-020: Positional embedding is a vector that represent a vector that represent a token representation.
[421/500] general-eval-general_knowledge-021: A neural network is a neural network architecture that is useful for building models that work beyon
[422/500] general-eval-general_knowledge-022: A database is a rule for building models that work beyond one example.
[423/500] general-eval-general_knowledge-023: An attention is one sequence of actions from another table.
[424/500] general-eval-general_knowledge-024: A transformer is a neural network architecture that is attention where attention and feed-forward la
[425/500] general-eval-general_knowledge-025: Recall is the process of using a system to make a new examples that are not used by using a trained 
[426/500] general-eval-general_knowledge-026: Precision is the process of converts into a sequence of actions that a model can encode.
[427/500] general-eval-general_knowledge-027: A token is one record for a token or string that a language model read.
[428/500] general-eval-general_knowledge-028: Generator is a neural network that combine inputs and behavior.
[429/500] general-eval-general_knowledge-029: A transformer is a neural network architecture that is part of how language models read prompts and 
[430/500] general-eval-general_knowledge-030: The temperature is the temperature of the temperature of the temperature of the temperature of the t
[431/500] general-eval-general_knowledge-031: Gradient descent is an object that prevents a model parameters from a neural network to process a ne
[432/500] general-eval-general_knowledge-032: A database index is a column set of column set of column set of column a table.
[433/500] general-eval-general_knowledge-033: The main difference between a context manager and data in a context manager.
[434/500] general-eval-general_knowledge-034: A database index is a full of database that combines rows from a table.
[435/500] general-eval-general_knowledge-035: Underfitting is a model on new inputs or decisions that are too little to outputs.
[436/500] general-eval-general_knowledge-036: A database code is a named field that stores data to change and retrieve data.
[437/500] general-eval-general_knowledge-037: A database query is a column set of column or column set that uniquely identifies each row in a tabl
[438/500] general-eval-general_knowledge-038: The Battle of the Battle of the Battle of the Battle of the Battle of the Battle of the Battle of th
[439/500] general-eval-general_knowledge-039: Positional embedding is a vector that represent a token representation.
[440/500] general-eval-general_knowledge-040: A database index is a column or column set of column set that uniquely identifies each row in a tabl
[441/500] general-eval-general_knowledge-041: Knowledge representation is the process of using facts and steps to reach an answer.
[442/500] general-eval-general_knowledge-042: Multi-transacti on is the process of converting a token that a token prediction to guide an input se
[443/500] general-eval-general_knowledge-043: A transformer is a neural network architecture that is attention and feed-forward layers sequences w
[444/500] general-eval-general_knowledge-044: A transformer is a neural network architecture that processes connected layers from inputs and feed-
[445/500] general-eval-general_knowledge-045: A database transactions combines rows from other columns.
[446/500] general-eval-general_knowledge-046: A database defines one named field and data to another table.
[447/500] general-eval-general_knowledge-047: Gradient descent is an object that occurs when a model predicts a training data.
[448/500] general-eval-general_knowledge-048: Generalization is a model on a token or inference that tells a token ID.
[449/500] general-eval-general_knowledge-049: A database is a named field of rows that uniquely identifies each row in a table.
[450/500] general-eval-general_knowledge-050: A neural network is a set of layers that is useful for building models that work beyond one example.
[451/500] general-eval-general_knowledge-051: A token is a token or numeric values.
[452/500] general-eval-general_knowledge-052: A database is a named field that speeds an ordered collection of column value.
[453/500] general-eval-general_knowledge-053: A neural network is a neural network architecture that is connected layers that is useful for buildi
[454/500] general-eval-general_knowledge-054: A B-tree index is an ordered Python collection of column set that can be changed.
[455/500] general-eval-general_knowledge-055: A database index is a named field that combines rows from inputs and structure in a table.
[456/500] general-eval-general_knowledge-056: The maximum number of prediction is the process of converts a sequence of token or incorrect.
[457/500] general-eval-general_knowledge-057: Positional embedding is a vector that unsupervised learning.
[458/500] general-eval-general_knowledge-058: An example is the process of using a context manager.
[459/500] general-eval-general_knowledge-059: A database query is a named field that prevents data to change in a table.
[460/500] general-eval-general_knowledge-060: Gradient descent is a method that updates a model parameters in the desired output.
[461/500] general-eval-general_knowledge-061: Fine-tuning is the result of a model further for a trained model.
[462/500] general-eval-general_knowledge-062: A transformer is a neural network architecture that is part of how language models read prompts and 
[463/500] general-eval-general_knowledge-063: Unsupervised learning from inputs paired with target answers.
[464/500] general-eval-general_knowledge-064: An API is a defined way for one example.
[465/500] general-eval-general_knowledge-065: An API is the field of general pattern's ability to perform a model to perform a new input.
[466/500] general-eval-general_knowledge-066: Knowledge representation is the process of using facts and rules for a language model.
[467/500] general-eval-general_knowledge-067: Precision is the process of using useful for building models that work beyond one example.
[468/500] general-eval-general_knowledge-068: A database is a column set that prevents a language model reads from a table.
[469/500] general-eval-general_knowledge-069: A context window is the maximum number of tokens a model can process of token sequence.
[470/500] general-eval-general_knowledge-070: A tokenizer is a text that turns text into token IDs and token IDs and token IDs that a language mod
[471/500] general-eval-general_knowledge-071: A database query is a column set of column or column set that a table.
[472/500] general-eval-general_knowledge-072: A transformer is a neural architecture that is part of how language models read prompts and produce 
[473/500] general-eval-general_knowledge-073: A full of a full of a full of a full of a none can be used to choose a classifier or other data.
[474/500] general-eval-general_knowledge-074: A transformer is a neural network architecture that is part of how language models read prompts and 
[475/500] general-eval-general_knowledge-075: A transformer is a neural network architecture that is connected to inputs and feed-forward layers t
[476/500] general-eval-general_knowledge-076: A transformer is a neural network architecture that is attention where attention and feed-forward la
[477/500] general-eval-general_knowledge-077: A database rules that data useful, reliable, or fast to access.
[478/500] general-eval-general_knowledge-078: A context window is the maximum tokens a model can process of token or inference tokens.
[479/500] general-eval-general_knowledge-079: A transformer is a neural network architecture that processes sequences with attention and feed-forw
[480/500] general-eval-general_knowledge-080: A transformer is a neural network architecture that is attention and feed-forward layers that is par
[481/500] general-eval-general_knowledge-081: A neural network is a method that converts inputs into inputs into inputs and return inputs in a mod
[482/500] general-eval-general_knowledge-082: Unsupervised learning trains paired with target answers.
[483/500] general-eval-general_knowledge-083: Positional embedding is a vector that a token representations into a token representation.
[484/500] general-eval-general_knowledge-084: A database is a defined way for one or organizing data to make a prediction.
[485/500] general-eval-general_knowledge-085: Positional embedding is a vector that represent a token representation.
[486/500] general-eval-general_knowledge-086: A transformer is a neural network architecture that processes sequences with attention and feed-forw
[487/500] general-eval-general_knowledge-087: Generalization is the process of using a trained model to produce an environment.
[488/500] general-eval-general_knowledge-088: An API is a rule for building models that work beyond one example.
[489/500] general-eval-general_knowledge-089: The average temperature of the average temperature of the average temperature of a sequence of the a
[490/500] general-eval-general_knowledge-090: Artificial intelligence is the field of making computers understand tasks like text, images, or sens
[491/500] general-eval-general_knowledge-091: Gradient descent is a method that converts a sequence of actions from a sequence of actions to execu
[492/500] general-eval-general_knowledge-092: A database query is a group of database lookup structure that speeds reads into lookup to another ta
[493/500] general-eval-general_knowledge-093: A neural network is a neural network architecture that is useful for building models that work beyon
[494/500] general-eval-general_knowledge-094: An example of a language model on the same context is the same model can process for a context manag
[495/500] general-eval-general_knowledge-095: A database index is a named field of column or column set that combines rows in a table.
[496/500] general-eval-general_knowledge-096: Classification is a model of inputs or values.
[497/500] general-eval-general_knowledge-097: A database table is a named field that stores rows each row rows connected by a table.
[498/500] general-eval-general_knowledge-098: A database is a named field that sounds supported by a table.
[499/500] general-eval-general_knowledge-099: A database column set is the column set of column a table.
[500/500] general-eval-general_knowledge-100: Underfitting occurs when a model is useful for building models that work beyond one example.
Keyword overlap:      2.2%
Answer correctness:   1.0%
Response quality:     11.8%
Hallucination rate:   68.2%
JSON results: reports/archive/run_general_tri_20260621T100703Z/general_best_18j_routing.json
Markdown report: reports/archive/run_general_tri_20260621T100703Z/general_best_18j_routing.md
