Loading tokenizer: /Users/ehabshobaki/Documents/myproject/learning/mini-transformer-from-scratch/13_gpt_pretraining/tokenizer/tokenizer.json
Building model on mps...
Loading base checkpoint: 18E_tiny_teacher_sft/checkpoints/teacher_best_score.pt
Tokenizer/checkpoint compatibility:
  tokenizer vocab size:          8,000
  model vocab size:              8,000
  checkpoint token_emb.weight:   (8000, 768)
  checkpoint lm_head.weight:     (8000, 768)
Checkpoint load verification:
  missing keys:                 none
  unexpected keys:              none
  first embedding norm before:  0.545431
  first embedding norm after:   0.550398
  first embedding norm delta:   +0.004967
Loading SFT data: 18J_marshmello_core_sft/data/marshmello_core_sft.jsonl
Decode sanity check:
  example 1:
    original: <USER> Explain AI in simple terms. <ASSISTANT> Artificial intelligence is the field of building systems that perform tasks requiring reasoning, perception, learning, or decision-making. <END>
    decoded:  <USER> Explain AI in simple terms. <ASSISTANT> Artificial intelligence is the field of building systems that perform tasks requiring reasoning, perception, learning, or decision-making. <END>
    tags:     <USER>=ok <ASSISTANT>=ok <END>=ok
  example 2:
    original: <USER> How is artificial intelligence different from database? <ASSISTANT> Artificial intelligence is the field of building systems that perform tasks requiring reasoning, perception, learning, or decision-making. A database stores and retrieves information...
    decoded:  <USER> How is artificial intelligence different from database? <ASSISTANT> Artificial intelligence is the field of building systems that perform tasks requiring reasoning, perception, learning, or decision-making. A database stores and retrieves information...
    tags:     <USER>=ok <ASSISTANT>=ok <END>=ok
  example 3:
    original: <USER> Compare artificial intelligence with machine learning. <ASSISTANT> Artificial intelligence is the field of building systems that perform tasks requiring reasoning, perception, learning, or decision-making. AI is the broader field; machine learning is...
    decoded:  <USER> Compare artificial intelligence with machine learning. <ASSISTANT> Artificial intelligence is the field of building systems that perform tasks requiring reasoning, perception, learning, or decision-making. AI is the broader field; machine learning is...
    tags:     <USER>=ok <ASSISTANT>=ok <END>=ok
Encoding SFT datasets...
Trainable parameters: 55,209,984 / 55,209,984 (100.00%)
Phase 18B: Marshmello-45M-Instruct SFT
============================================================
Config:          large_50m
Mode:            train
Device:          mps
Base checkpoint: 18E_tiny_teacher_sft/checkpoints/teacher_best_score.pt
Base step:       500
Tokenizer:       /Users/ehabshobaki/Documents/myproject/learning/mini-transformer-from-scratch/13_gpt_pretraining/tokenizer/tokenizer.json
SFT data:        18J_marshmello_core_sft/data/marshmello_core_sft.jsonl
Train examples:  1,140
Val examples:    60
Learning rate:   5.00e-07
Grad clip norm:  1.0
Parameters:      55,209,984
Trainable:       55,209,984
Checkpoint path: /Users/ehabshobaki/Documents/myproject/learning/mini-transformer-from-scratch/18B_marshmello_instruct/checkpoints/latest.pt

step     1 | train loss 4.5733 | 3,048 tok/s
step    10 | train loss 5.4502 | 18,793 tok/s
step    20 | train loss 4.1972 | 19,277 tok/s
step    30 | train loss 4.6887 | 18,906 tok/s
step    40 | train loss 4.7990 | 18,948 tok/s
step    50 | train loss 4.6377 | 18,909 tok/s
step    60 | train loss 4.8477 | 19,051 tok/s
step    70 | train loss 3.9290 | 18,930 tok/s
step    80 | train loss 3.6430 | 18,457 tok/s
step    90 | train loss 4.5659 | 19,131 tok/s
step   100 | train loss 4.2272 | 19,062 tok/s
  running eval...
  eval step 100 | train loss 4.2006 | val loss 4.3274 | best val 4.3274 | avg 17,043 tok/s
  generation eval step 100:
    Q: What is AI?
    A: Embedding is a learned vector representation of a token. It helps the system answer or act more usefully.
    Q: Explain database indexes.
    A: A database index is a lookup structure that helps find rows faster. It speeds reads but can make writes slightly slower.
step   110 | train loss 3.4321 | 19,243 tok/s
step   120 | train loss 3.7881 | 19,102 tok/s
step   130 | train loss 4.9315 | 19,118 tok/s
step   140 | train loss 4.0852 | 19,127 tok/s
step   150 | train loss 4.4110 | 19,061 tok/s
step   160 | train loss 4.2381 | 18,821 tok/s
step   170 | train loss 4.3128 | 18,966 tok/s
step   180 | train loss 3.9896 | 18,822 tok/s
step   190 | train loss 4.2340 | 18,776 tok/s
step   200 | train loss 3.7051 | 18,522 tok/s
  running eval...
  eval step 200 | train loss 4.1861 | val loss 3.8328 | best val 3.8328 | avg 15,356 tok/s
  generation eval step 200:
    Q: What is AI?
    A: Model is software that helps teams build software that is easier to change and operate.
    Q: Explain database indexes.
    A: A database index is a lookup structure that helps find rows faster. It speeds reads but can make writes slightly slower.
step   210 | train loss 4.6569 | 18,230 tok/s
step   220 | train loss 4.2022 | 18,569 tok/s
step   230 | train loss 3.1419 | 18,084 tok/s
step   240 | train loss 3.6818 | 18,206 tok/s
step   250 | train loss 4.5021 | 18,155 tok/s
  saving latest checkpoint...
  checkpoint path: /Users/ehabshobaki/Documents/myproject/learning/mini-transformer-from-scratch/18B_marshmello_instruct/checkpoints/latest.pt (631.9 MB)
step   260 | train loss 4.0379 | 18,321 tok/s
step   270 | train loss 3.6694 | 16,862 tok/s
step   280 | train loss 4.0817 | 16,900 tok/s
step   290 | train loss 4.1763 | 16,731 tok/s
step   300 | train loss 4.0288 | 16,841 tok/s
  running eval...
  eval step 300 | train loss 3.8893 | val loss 3.5841 | best val 3.5841 | avg 15,163 tok/s
  generation eval step 300:
    Q: What is AI?
    A: Embedding is a learned vector representation of a token. It helps the system answer or act more usefully.
    Q: Explain database indexes.
    A: A database index is a lookup structure that helps find rows faster.
step   310 | train loss 4.1371 | 17,810 tok/s
step   320 | train loss 4.8638 | 17,264 tok/s
step   330 | train loss 4.7694 | 17,042 tok/s
step   340 | train loss 3.0564 | 16,708 tok/s
step   350 | train loss 3.0817 | 16,576 tok/s
step   360 | train loss 4.3007 | 16,233 tok/s
step   370 | train loss 3.5554 | 15,938 tok/s
step   380 | train loss 4.3638 | 16,241 tok/s
step   390 | train loss 3.8697 | 16,695 tok/s
step   400 | train loss 4.3011 | 16,976 tok/s
  running eval...
  eval step 400 | train loss 3.5837 | val loss 3.6625 | best val 3.5841 | avg 15,184 tok/s
  generation eval step 400:
    Q: What is AI?
    A: Classification is predicting a category for an input. It is useful for building models that work beyond one example.
    Q: Explain database indexes.
    A: A database index is a lookup structure that helps find rows faster.
  saving latest checkpoint...
  checkpoint path: /Users/ehabshobaki/Documents/myproject/learning/mini-transformer-from-scratch/18B_marshmello_instruct/checkpoints/latest.pt (631.9 MB)

Training complete.
Latest checkpoint: /Users/ehabshobaki/Documents/myproject/learning/mini-transformer-from-scratch/18B_marshmello_instruct/checkpoints/latest.pt
