Loading tokenizer: /Users/ehabshobaki/Documents/myproject/learning/mini-transformer-from-scratch/13_gpt_pretraining/tokenizer/tokenizer.json
Building model on mps...
Loading base checkpoint: 18E_tiny_teacher_sft/checkpoints/teacher_best_score.pt
Tokenizer/checkpoint compatibility:
  tokenizer vocab size:          8,000
  model vocab size:              8,000
  checkpoint token_emb.weight:   (8000, 768)
  checkpoint lm_head.weight:     (8000, 768)
Checkpoint load verification:
  missing keys:                 none
  unexpected keys:              none
  first embedding norm before:  0.567514
  first embedding norm after:   0.550127
  first embedding norm delta:   -0.017387
Loading SFT data: /Users/ehabshobaki/Documents/myproject/learning/mini-transformer-from-scratch/18E_tiny_teacher_sft/data/teacher.jsonl
Decode sanity check:
  example 1:
    original: <USER> What is AI? <ASSISTANT> AI is software that helps computers do tasks that usually need human thinking. <END>
    decoded:  <USER> What is AI? <ASSISTANT> AI is software that helps computers do tasks that usually need human thinking. <END>
    tags:     <USER>=ok <ASSISTANT>=ok <END>=ok
  example 2:
    original: <USER> Who are you? <ASSISTANT> I am Marshmello, a small assistant trained to answer clearly and directly. <END>
    decoded:  <USER> Who are you? <ASSISTANT> I am Marshmello, a small assistant trained to answer clearly and directly. <END>
    tags:     <USER>=ok <ASSISTANT>=ok <END>=ok
  example 3:
    original: <USER> What does artificial intelligence mean in AI? <ASSISTANT> Artificial intelligence is the field of making computers solve tasks that need reasoning or pattern use. It helps the system answer or act more usefully. <END>
    decoded:  <USER> What does artificial intelligence mean in AI? <ASSISTANT> Artificial intelligence is the field of making computers solve tasks that need reasoning or pattern use. It helps the system answer or act more usefully. <END>
    tags:     <USER>=ok <ASSISTANT>=ok <END>=ok
Encoding SFT datasets...
Trainable parameters: 55,209,984 / 55,209,984 (100.00%)
Phase 18B: Marshmello-45M-Instruct SFT
============================================================
Config:          large_50m
Mode:            teacher
Device:          mps
Base checkpoint: 18E_tiny_teacher_sft/checkpoints/teacher_best_score.pt
Base step:       400
Tokenizer:       /Users/ehabshobaki/Documents/myproject/learning/mini-transformer-from-scratch/13_gpt_pretraining/tokenizer/tokenizer.json
SFT data:        /Users/ehabshobaki/Documents/myproject/learning/mini-transformer-from-scratch/18E_tiny_teacher_sft/data/teacher.jsonl
Train examples:  237
Val examples:    13
Learning rate:   2.00e-06
Grad clip norm:  1.0
Parameters:      55,209,984
Trainable:       55,209,984
Checkpoint path: /Users/ehabshobaki/Documents/myproject/learning/mini-transformer-from-scratch/18E_tiny_teacher_sft/checkpoints/teacher_latest.pt

Existing teacher best val loss: 0.3451
Existing teacher best keyword score: 1.0000
step     1 | train loss 0.7470 | 3,539 tok/s
step    10 | train loss 0.4976 | 19,183 tok/s
step    20 | train loss 0.2039 | 19,283 tok/s
step    30 | train loss 0.5157 | 19,266 tok/s
step    40 | train loss 0.4662 | 19,241 tok/s
step    50 | train loss 0.5736 | 19,081 tok/s
step    60 | train loss 0.3962 | 19,083 tok/s
step    70 | train loss 0.2847 | 19,187 tok/s
step    80 | train loss 0.5294 | 19,341 tok/s
step    90 | train loss 0.3584 | 19,166 tok/s
step   100 | train loss 0.4005 | 19,230 tok/s
  running eval...
  eval step 100 | train loss 0.0926 | val loss 0.4469 | best val 0.3451 | avg 17,318 tok/s
  generation eval step 100:
    Q: What is AI?
    Target:    AI is software that helps computers do tasks that usually need human thinking.
    Generated: AI is software that helps computers do tasks that usually need human thinking.
    exact_start_match: True
    keyword_overlap:   8/8 (1.00) ['computer', 'help', 'human', 'need', 'software', 'task', 'thinking', 'usually']
    repeated_3gram:    False
    Q: Who are you?
    Target:    I am Marshmello, a small assistant trained to answer clearly and directly.
    Generated: I am Marshmello, a small assistant trained to answer clearly and directly.
    exact_start_match: True
    keyword_overlap:   7/7 (1.00) ['answer', 'assistant', 'clearly', 'directly', 'marshmello', 'small', 'trained']
    repeated_3gram:    False
    Q: Explain database indexes.
    Target:    A database index is a lookup structure that helps find rows faster. It speeds reads but can make writes slightly slower.
    Generated: A database index is a lookup structure that helps find rows faster. It speeds reads but can make writes slightly slower.
    exact_start_match: True
    keyword_overlap:   14/14 (1.00) ['database', 'faster', 'find', 'help', 'index', 'lookup', 'make', 'read', 'row', 'slightly', 'slower', 'speed', 'structure', 'write']
    repeated_3gram:    False
    Q: What is attention?
    Target:    Attention lets a model choose which earlier tokens matter most when producing the next token.
    Generated: Attention lets a model choose which earlier tokens matter most when producing the next token.
    exact_start_match: True
    keyword_overlap:   12/12 (1.00) ['attention', 'choose', 'earlier', 'let', 'matter', 'model', 'most', 'next', 'producing', 'token', 'when', 'which']
    repeated_3gram:    False
  teacher keyword score: 1.0000
step   110 | train loss 0.3780 | 19,151 tok/s
step   120 | train loss 0.6309 | 18,992 tok/s
step   130 | train loss 0.2384 | 19,009 tok/s
step   140 | train loss 0.5315 | 19,054 tok/s
step   150 | train loss 0.2584 | 19,152 tok/s
step   160 | train loss 0.4539 | 19,133 tok/s
step   170 | train loss 0.3351 | 19,084 tok/s
step   180 | train loss 0.3919 | 19,127 tok/s
step   190 | train loss 0.3546 | 19,154 tok/s
step   200 | train loss 0.2737 | 18,589 tok/s
  running eval...
  eval step 200 | train loss 0.0788 | val loss 0.4469 | best val 0.3451 | avg 15,539 tok/s
  generation eval step 200:
    Q: What is AI?
    Target:    AI is software that helps computers do tasks that usually need human thinking.
    Generated: AI is software that helps computers do tasks that usually need human thinking.
    exact_start_match: True
    keyword_overlap:   8/8 (1.00) ['computer', 'help', 'human', 'need', 'software', 'task', 'thinking', 'usually']
    repeated_3gram:    False
    Q: Who are you?
    Target:    I am Marshmello, a small assistant trained to answer clearly and directly.
    Generated: I am Marshmello, a small assistant trained to answer clearly and directly.
    exact_start_match: True
    keyword_overlap:   7/7 (1.00) ['answer', 'assistant', 'clearly', 'directly', 'marshmello', 'small', 'trained']
    repeated_3gram:    False
    Q: Explain database indexes.
    Target:    A database index is a lookup structure that helps find rows faster. It speeds reads but can make writes slightly slower.
    Generated: A database index is a lookup structure that helps find rows faster. It speeds reads but can make writes slightly slower.
    exact_start_match: True
    keyword_overlap:   14/14 (1.00) ['database', 'faster', 'find', 'help', 'index', 'lookup', 'make', 'read', 'row', 'slightly', 'slower', 'speed', 'structure', 'write']
    repeated_3gram:    False
    Q: What is attention?
    Target:    Attention lets a model choose which earlier tokens matter most when producing the next token.
    Generated: Attention lets a model choose which earlier tokens matter most when producing the next token.
    exact_start_match: True
    keyword_overlap:   12/12 (1.00) ['attention', 'choose', 'earlier', 'let', 'matter', 'model', 'most', 'next', 'producing', 'token', 'when', 'which']
    repeated_3gram:    False
  teacher keyword score: 1.0000
step   210 | train loss 0.2335 | 19,236 tok/s
step   220 | train loss 0.4024 | 19,105 tok/s
step   230 | train loss 0.2238 | 19,025 tok/s
step   240 | train loss 0.3808 | 19,250 tok/s
step   250 | train loss 0.2925 | 19,261 tok/s
  saving latest checkpoint...
  checkpoint path: /Users/ehabshobaki/Documents/myproject/learning/mini-transformer-from-scratch/18E_tiny_teacher_sft/checkpoints/teacher_latest.pt (631.9 MB)
step   260 | train loss 0.4532 | 19,134 tok/s
step   270 | train loss 0.4321 | 19,065 tok/s
step   280 | train loss 0.3909 | 19,052 tok/s
step   290 | train loss 0.6899 | 19,127 tok/s
step   300 | train loss 0.5420 | 19,112 tok/s
  running eval...
  eval step 300 | train loss 0.0668 | val loss 0.5699 | best val 0.3451 | avg 15,451 tok/s
  generation eval step 300:
    Q: What is AI?
    Target:    AI is software that helps computers do tasks that usually need human thinking.
    Generated: AI is software that helps computers do tasks that usually need human thinking.
    exact_start_match: True
    keyword_overlap:   8/8 (1.00) ['computer', 'help', 'human', 'need', 'software', 'task', 'thinking', 'usually']
    repeated_3gram:    False
    Q: Who are you?
    Target:    I am Marshmello, a small assistant trained to answer clearly and directly.
    Generated: I am Marshmello, a small assistant trained to answer clearly and directly.
    exact_start_match: True
    keyword_overlap:   7/7 (1.00) ['answer', 'assistant', 'clearly', 'directly', 'marshmello', 'small', 'trained']
    repeated_3gram:    False
    Q: Explain database indexes.
    Target:    A database index is a lookup structure that helps find rows faster. It speeds reads but can make writes slightly slower.
    Generated: A database index is a lookup structure that helps find rows faster. It speeds reads but can make writes slightly slower.
    exact_start_match: True
    keyword_overlap:   14/14 (1.00) ['database', 'faster', 'find', 'help', 'index', 'lookup', 'make', 'read', 'row', 'slightly', 'slower', 'speed', 'structure', 'write']
    repeated_3gram:    False
    Q: What is attention?
    Target:    Attention lets a model choose which earlier tokens matter most when producing the next token.
    Generated: Attention lets a model choose which earlier tokens matter most when producing the next token.
    exact_start_match: True
    keyword_overlap:   12/12 (1.00) ['attention', 'choose', 'earlier', 'let', 'matter', 'model', 'most', 'next', 'producing', 'token', 'when', 'which']
    repeated_3gram:    False
  teacher keyword score: 1.0000
step   310 | train loss 0.4782 | 19,238 tok/s
step   320 | train loss 0.3785 | 19,141 tok/s
step   330 | train loss 0.3134 | 19,015 tok/s
step   340 | train loss 0.1823 | 18,713 tok/s
step   350 | train loss 0.3214 | 18,767 tok/s
step   360 | train loss 0.7192 | 18,627 tok/s
step   370 | train loss 0.4228 | 18,651 tok/s
step   380 | train loss 0.2947 | 18,679 tok/s
step   390 | train loss 0.2386 | 18,443 tok/s
step   400 | train loss 0.4709 | 18,647 tok/s
  running eval...
  saving teacher best val checkpoint...
  checkpoint path: /Users/ehabshobaki/Documents/myproject/learning/mini-transformer-from-scratch/18E_tiny_teacher_sft/checkpoints/teacher_best_val.pt (631.9 MB)
  eval step 400 | train loss 0.0584 | val loss 0.3416 | best val 0.3416 | avg 15,335 tok/s
  generation eval step 400:
    Q: What is AI?
    Target:    AI is software that helps computers do tasks that usually need human thinking.
    Generated: AI is software that helps computers do tasks that usually need human thinking.
    exact_start_match: True
    keyword_overlap:   8/8 (1.00) ['computer', 'help', 'human', 'need', 'software', 'task', 'thinking', 'usually']
    repeated_3gram:    False
    Q: Who are you?
    Target:    I am Marshmello, a small assistant trained to answer clearly and directly.
    Generated: I am Marshmello, a small assistant trained to answer clearly and directly.
    exact_start_match: True
    keyword_overlap:   7/7 (1.00) ['answer', 'assistant', 'clearly', 'directly', 'marshmello', 'small', 'trained']
    repeated_3gram:    False
    Q: Explain database indexes.
    Target:    A database index is a lookup structure that helps find rows faster. It speeds reads but can make writes slightly slower.
    Generated: A database index is a lookup structure that helps find rows faster. It speeds reads but can make writes slightly slower.
    exact_start_match: True
    keyword_overlap:   14/14 (1.00) ['database', 'faster', 'find', 'help', 'index', 'lookup', 'make', 'read', 'row', 'slightly', 'slower', 'speed', 'structure', 'write']
    repeated_3gram:    False
    Q: What is attention?
    Target:    Attention lets a model choose which earlier tokens matter most when producing the next token.
    Generated: Attention lets a model choose which earlier tokens matter most when producing the next token.
    exact_start_match: True
    keyword_overlap:   12/12 (1.00) ['attention', 'choose', 'earlier', 'let', 'matter', 'model', 'most', 'next', 'producing', 'token', 'when', 'which']
    repeated_3gram:    False
  teacher keyword score: 1.0000
  saving latest checkpoint...
  checkpoint path: /Users/ehabshobaki/Documents/myproject/learning/mini-transformer-from-scratch/18E_tiny_teacher_sft/checkpoints/teacher_latest.pt (631.9 MB)

Training complete.
Latest checkpoint: /Users/ehabshobaki/Documents/myproject/learning/mini-transformer-from-scratch/18E_tiny_teacher_sft/checkpoints/teacher_latest.pt
