Loading tokenizer: /Users/ehabshobaki/Documents/myproject/learning/mini-transformer-from-scratch/13_gpt_pretraining/tokenizer/tokenizer.json
Building model on mps...
Loading base checkpoint: 18E_tiny_teacher_sft/checkpoints/teacher_best_score.pt
Tokenizer/checkpoint compatibility:
  tokenizer vocab size:          8,000
  model vocab size:              8,000
  checkpoint token_emb.weight:   (8000, 768)
  checkpoint lm_head.weight:     (8000, 768)
Checkpoint load verification:
  missing keys:                 none
  unexpected keys:              none
  first embedding norm before:  0.557098
  first embedding norm after:   0.550127
  first embedding norm delta:   -0.006971
Loading SFT data: 18J_marshmello_core_sft/data/marshmello_core_sft.jsonl
Decode sanity check:
  example 1:
    original: <USER> Explain AI in simple terms. <ASSISTANT> Artificial intelligence is the field of building systems that perform tasks requiring reasoning, perception, learning, or decision-making. <END>
    decoded:  <USER> Explain AI in simple terms. <ASSISTANT> Artificial intelligence is the field of building systems that perform tasks requiring reasoning, perception, learning, or decision-making. <END>
    tags:     <USER>=ok <ASSISTANT>=ok <END>=ok
  example 2:
    original: <USER> How is artificial intelligence different from database? <ASSISTANT> Artificial intelligence is the field of building systems that perform tasks requiring reasoning, perception, learning, or decision-making. A database stores and retrieves information...
    decoded:  <USER> How is artificial intelligence different from database? <ASSISTANT> Artificial intelligence is the field of building systems that perform tasks requiring reasoning, perception, learning, or decision-making. A database stores and retrieves information...
    tags:     <USER>=ok <ASSISTANT>=ok <END>=ok
  example 3:
    original: <USER> Compare artificial intelligence with machine learning. <ASSISTANT> Artificial intelligence is the field of building systems that perform tasks requiring reasoning, perception, learning, or decision-making. AI is the broader field; machine learning is...
    decoded:  <USER> Compare artificial intelligence with machine learning. <ASSISTANT> Artificial intelligence is the field of building systems that perform tasks requiring reasoning, perception, learning, or decision-making. AI is the broader field; machine learning is...
    tags:     <USER>=ok <ASSISTANT>=ok <END>=ok
Encoding SFT datasets...
Trainable parameters: 55,209,984 / 55,209,984 (100.00%)
Phase 18B: Marshmello-45M-Instruct SFT
============================================================
Config:          large_50m
Mode:            train
Device:          mps
Base checkpoint: 18E_tiny_teacher_sft/checkpoints/teacher_best_score.pt
Base step:       400
Tokenizer:       /Users/ehabshobaki/Documents/myproject/learning/mini-transformer-from-scratch/13_gpt_pretraining/tokenizer/tokenizer.json
SFT data:        18J_marshmello_core_sft/data/marshmello_core_sft.jsonl
Train examples:  1,140
Val examples:    60
Learning rate:   5.00e-07
Grad clip norm:  1.0
Parameters:      55,209,984
Trainable:       55,209,984
Checkpoint path: /Users/ehabshobaki/Documents/myproject/learning/mini-transformer-from-scratch/18B_marshmello_instruct/checkpoints/latest.pt

step     1 | train loss 4.4374 | 3,393 tok/s
step    10 | train loss 5.5367 | 19,234 tok/s
step    20 | train loss 5.3391 | 19,040 tok/s
step    30 | train loss 4.6619 | 19,042 tok/s
step    40 | train loss 4.9011 | 18,957 tok/s
step    50 | train loss 4.8354 | 19,002 tok/s
step    60 | train loss 4.7088 | 19,104 tok/s
step    70 | train loss 4.5604 | 18,868 tok/s
step    80 | train loss 4.9153 | 18,859 tok/s
step    90 | train loss 4.8623 | 19,142 tok/s
step   100 | train loss 3.5300 | 19,162 tok/s
  running eval...
  eval step 100 | train loss 4.1105 | val loss 3.7993 | best val 3.7993 | avg 17,304 tok/s
  generation eval step 100:
    Q: What is AI?
    A: AI is software that helps computers do tasks that usually need human thinking.
    Q: Explain database indexes.
    A: A database index is a lookup structure that helps find rows faster. It speeds reads but can make writes slightly slower.
step   110 | train loss 3.3593 | 19,198 tok/s
step   120 | train loss 3.8509 | 19,224 tok/s
step   130 | train loss 4.0536 | 19,103 tok/s
step   140 | train loss 4.1593 | 19,023 tok/s
step   150 | train loss 4.1098 | 19,025 tok/s
step   160 | train loss 3.0772 | 18,936 tok/s
step   170 | train loss 4.1136 | 19,247 tok/s
step   180 | train loss 4.0766 | 19,148 tok/s
step   190 | train loss 4.0303 | 19,265 tok/s
step   200 | train loss 4.0096 | 19,319 tok/s
  running eval...
  eval step 200 | train loss 3.7124 | val loss 4.3037 | best val 3.7993 | avg 15,794 tok/s
  generation eval step 200:
    Q: What is AI?
    A: AI is software that helps computers do tasks that usually need human thinking.
    Q: Explain database indexes.
    A: A database index is a lookup structure that helps find rows faster. It speeds reads but can make writes slightly slower.
  saving latest checkpoint...
  checkpoint path: /Users/ehabshobaki/Documents/myproject/learning/mini-transformer-from-scratch/18B_marshmello_instruct/checkpoints/latest.pt (631.9 MB)

Training complete.
Latest checkpoint: /Users/ehabshobaki/Documents/myproject/learning/mini-transformer-from-scratch/18B_marshmello_instruct/checkpoints/latest.pt
